<?xml version="1.0" encoding="UTF-8"?>
<testng-results ignored="0" total="1" passed="1" failed="0" skipped="0">
  <reporter-output>
  </reporter-output>
  <suite started-at="2024-09-12T13:42:57 IST" name="Suite" finished-at="2024-09-12T13:43:00 IST" duration-ms="2969">
    <groups>
    </groups>
    <test started-at="2024-09-12T13:42:57 IST" name="Test" finished-at="2024-09-12T13:43:00 IST" duration-ms="2969">
      <class name="testngTest.Demo">
        <test-method signature="google()[pri:0, instance:testngTest.Demo@5d534f5d]" started-at="2024-09-12T13:42:57 IST" name="google" finished-at="2024-09-12T13:43:00 IST" duration-ms="2943" status="PASS">
          <reporter-output>
          </reporter-output>
        </test-method> <!-- google -->
      </class> <!-- testngTest.Demo -->
    </test> <!-- Test -->
  </suite> <!-- Suite -->
</testng-results>
