<?xml version="1.0" encoding="UTF-8"?>
<testng-results ignored="0" total="1" passed="1" failed="0" skipped="0">
  <reporter-output>
  </reporter-output>
  <suite started-at="2024-09-11T18:30:40 IST" name="Default suite" finished-at="2024-09-11T18:30:43 IST" duration-ms="2954">
    <groups>
    </groups>
    <test started-at="2024-09-11T18:30:40 IST" name="Default test" finished-at="2024-09-11T18:30:43 IST" duration-ms="2954">
      <class name="testngTest.Demo">
        <test-method signature="google()[pri:0, instance:testngTest.Demo@7d0b7e3c]" started-at="2024-09-11T18:30:40 IST" name="google" finished-at="2024-09-11T18:30:43 IST" duration-ms="2924" status="PASS">
          <reporter-output>
          </reporter-output>
        </test-method> <!-- google -->
      </class> <!-- testngTest.Demo -->
    </test> <!-- Default test -->
  </suite> <!-- Default suite -->
</testng-results>
